<?xml version="1.0" encoding="UTF-8"?>
<!-- Generated by org.testng.reporters.JUnitXMLReporter -->
<testsuite ignored="2" hostname="IslamAminPc" failures="0" tests="2" name="changeCurrency" time="20.976" errors="0" timestamp="2024-06-09T23:57:01 EEST">
  <testcase classname="testcases.TC02_Login" name="loginWithValidData_P" time="9.586"/>
  <testcase classname="testcases.TC05_ChangeCurrency" name="changeCurrency" time="0.711"/>
  <testcase classname="testcases.TestBase" name="@AfterTest tearDown" time="0.0">
    <ignored/>
  </testcase> <!-- @AfterTest tearDown -->
  <testcase classname="testcases.TestBase" name="@BeforeTest setupDriver" time="0.0">
    <ignored/>
  </testcase> <!-- @BeforeTest setupDriver -->
</testsuite> <!-- changeCurrency -->
