<?xml version="1.0" encoding="UTF-8"?>
<!-- Generated by org.testng.reporters.JUnitXMLReporter -->
<testsuite ignored="1" hostname="IslamAminPc" failures="0" tests="1" name="Check Login with valid data" time="22.069" errors="0" timestamp="2024-06-10T00:02:24 EEST">
  <testcase classname="testcases.TC01_Registration" name="registerNewUserWithValidData_P" time="14.488"/>
  <testcase classname="testcases.TC01_Registration" name="checkRegisterWithExisitingEmail_N" time="0.0">
    <ignored/>
  </testcase> <!-- checkRegisterWithExisitingEmail_N -->
</testsuite> <!-- Check Login with valid data -->
