<?xml version="1.0" encoding="UTF-8"?>
<!-- Generated by org.testng.reporters.JUnitXMLReporter -->
<testsuite ignored="2" hostname="IslamAminPc" failures="0" tests="2" name="chooseRandomCategory" time="18.508" errors="0" timestamp="2024-06-09T23:57:19 EEST">
  <testcase classname="testcases.TC02_Login" name="loginWithValidData_P" time="8.241"/>
  <testcase classname="testcases.TC06_SelectRandomCategorie" name="chooseRandomCategory" time="2.688"/>
  <testcase classname="testcases.TestBase" name="@BeforeTest setupDriver" time="0.0">
    <ignored/>
  </testcase> <!-- @BeforeTest setupDriver -->
  <testcase classname="testcases.TestBase" name="@AfterTest tearDown" time="0.0">
    <ignored/>
  </testcase> <!-- @AfterTest tearDown -->
</testsuite> <!-- chooseRandomCategory -->
