<?xml version="1.0" encoding="UTF-8"?>
<!-- Generated by org.testng.reporters.JUnitXMLReporter -->
<testsuite ignored="2" hostname="IslamAminPc" failures="0" tests="2" name="searchForAnyProduct" time="18.452" errors="0" timestamp="2024-06-10T00:03:12 EEST">
  <testcase classname="testcases.TC02_Login" name="loginWithValidData_P" time="6.617"/>
  <testcase classname="testcases.TC04_SearchFunction" name="searchForAnyProduct" time="7.251"/>
  <testcase classname="testcases.TestBase" name="@AfterTest tearDown" time="0.0">
    <ignored/>
  </testcase> <!-- @AfterTest tearDown -->
  <testcase classname="testcases.TestBase" name="@BeforeTest setupDriver" time="0.0">
    <ignored/>
  </testcase> <!-- @BeforeTest setupDriver -->
</testsuite> <!-- searchForAnyProduct -->
