<?xml version="1.0" encoding="UTF-8"?>
<!-- Generated by org.testng.reporters.JUnitXMLReporter -->
<testsuite ignored="5" hostname="IslamAminPc" failures="0" tests="3" name="TC07_UserSelectDiffCatg" time="33.779" errors="0" timestamp="2024-06-09T23:57:53 EEST">
  <testcase classname="testcases.TC01_Registration" name="registerNewUserWithValidData_P" time="15.894"/>
  <testcase classname="testcases.TC02_Login" name="loginWithValidData_P" time="6.075"/>
  <testcase classname="testcases.TC07_UserSelectDiffCatg" name="userSelectDiffCatg" time="5.729"/>
  <testcase classname="testcases.TestBase" name="@BeforeTest setupDriver" time="0.0">
    <ignored/>
  </testcase> <!-- @BeforeTest setupDriver -->
  <testcase classname="testcases.TestBase" name="@AfterTest tearDown" time="0.0">
    <ignored/>
  </testcase> <!-- @AfterTest tearDown -->
  <testcase classname="testcases.TestBase" name="@BeforeTest setupDriver" time="0.0">
    <ignored/>
  </testcase> <!-- @BeforeTest setupDriver -->
  <testcase classname="testcases.TC01_Registration" name="checkRegisterWithExisitingEmail_N" time="0.0">
    <ignored/>
  </testcase> <!-- checkRegisterWithExisitingEmail_N -->
  <testcase classname="testcases.TestBase" name="@AfterTest tearDown" time="0.0">
    <ignored/>
  </testcase> <!-- @AfterTest tearDown -->
</testsuite> <!-- TC07_UserSelectDiffCatg -->
