<?xml version="1.0" encoding="UTF-8"?>
<!-- Generated by org.testng.reporters.JUnitXMLReporter -->
<testsuite ignored="2" hostname="IslamAminPc" failures="0" tests="2" name="searchForAnyProduct" time="14.234" errors="0" timestamp="2024-06-12T08:25:52 EEST">
  <testcase classname="testcases.TC02_Login" name="loginWithValidData_P" time="7.3"/>
  <testcase classname="testcases.TC04_SearchFunction" name="searchForAnyProduct" time="1.936"/>
  <testcase classname="testcases.TestBase" name="@BeforeTest setupDriver" time="0.0">
    <ignored/>
  </testcase> <!-- @BeforeTest setupDriver -->
  <testcase classname="testcases.TestBase" name="@AfterTest tearDown" time="0.0">
    <ignored/>
  </testcase> <!-- @AfterTest tearDown -->
</testsuite> <!-- searchForAnyProduct -->
