<?xml version="1.0" encoding="UTF-8"?>
<!-- Generated by org.testng.reporters.JUnitXMLReporter -->
<testsuite ignored="2" hostname="IslamAminPc" failures="0" tests="2" name="chooseRandomCategory" time="12.626" errors="0" timestamp="2024-06-12T08:22:54 EEST">
  <testcase classname="testcases.TC02_Login" name="loginWithValidData_P" time="7.695"/>
  <testcase classname="testcases.TC06_SelectRandomCategorie" name="chooseRandomCategory" time="2.295"/>
  <testcase classname="testcases.TestBase" name="@AfterTest tearDown" time="0.0">
    <ignored/>
  </testcase> <!-- @AfterTest tearDown -->
  <testcase classname="testcases.TestBase" name="@BeforeTest setupDriver" time="0.0">
    <ignored/>
  </testcase> <!-- @BeforeTest setupDriver -->
</testsuite> <!-- chooseRandomCategory -->
