<?xml version="1.0" encoding="UTF-8"?>
<!-- Generated by org.testng.reporters.JUnitXMLReporter -->
<testsuite ignored="2" hostname="IslamAminPc" failures="0" tests="2" name="userAddToWishList" time="21.482" errors="0" timestamp="2024-06-11T11:53:49 EEST">
  <testcase classname="testcases.TC02_Login" name="loginWithValidData_P" time="8.273"/>
  <testcase classname="testcases.TC10_AddToWishListSenario" name="userAddToWishList" time="10.443"/>
  <testcase classname="testcases.TestBase" name="@BeforeTest setupDriver" time="0.0">
    <ignored/>
  </testcase> <!-- @BeforeTest setupDriver -->
  <testcase classname="testcases.TestBase" name="@AfterTest tearDown" time="0.0">
    <ignored/>
  </testcase> <!-- @AfterTest tearDown -->
</testsuite> <!-- userAddToWishList -->
