<?xml version="1.0" encoding="UTF-8"?>
<!-- Generated by org.testng.reporters.JUnitXMLReporter -->
<testsuite ignored="2" hostname="IslamAminPc" failures="0" tests="2" name="userAddToCart" time="18.93" errors="0" timestamp="2024-06-11T11:53:27 EEST">
  <testcase classname="testcases.TC02_Login" name="loginWithValidData_P" time="7.646"/>
  <testcase classname="testcases.TC09_AddToCartSenario" name="userAddToCart" time="8.45"/>
  <testcase classname="testcases.TestBase" name="@AfterTest tearDown" time="0.0">
    <ignored/>
  </testcase> <!-- @AfterTest tearDown -->
  <testcase classname="testcases.TestBase" name="@BeforeTest setupDriver" time="0.0">
    <ignored/>
  </testcase> <!-- @BeforeTest setupDriver -->
</testsuite> <!-- userAddToCart -->
