<?xml version="1.0" encoding="UTF-8"?>
<!-- Generated by org.testng.reporters.JUnitXMLReporter -->
<testsuite ignored="2" hostname="IslamAminPc" failures="0" tests="2" name="chooseRandomCategory" time="14.091" errors="0" timestamp="2024-06-12T08:26:18 EEST">
  <testcase classname="testcases.TC02_Login" name="loginWithValidData_P" time="7.223"/>
  <testcase classname="testcases.TC06_SelectRandomCategorie" name="chooseRandomCategory" time="1.968"/>
  <testcase classname="testcases.TestBase" name="@BeforeTest setupDriver" time="0.0">
    <ignored/>
  </testcase> <!-- @BeforeTest setupDriver -->
  <testcase classname="testcases.TestBase" name="@AfterTest tearDown" time="0.0">
    <ignored/>
  </testcase> <!-- @AfterTest tearDown -->
</testsuite> <!-- chooseRandomCategory -->
