<?xml version="1.0" encoding="UTF-8"?>
<!-- Generated by org.testng.reporters.JUnitXMLReporter -->
<testsuite ignored="2" hostname="IslamAminPc" failures="0" tests="2" name="TC07_UserSelectDiffCatg" time="17.448" errors="0" timestamp="2024-06-12T08:26:36 EEST">
  <testcase classname="testcases.TC02_Login" name="loginWithValidData_P" time="7.065"/>
  <testcase classname="testcases.TC07_UserSelectDiffCatg" name="userSelectDiffCatg" time="4.532"/>
  <testcase classname="testcases.TestBase" name="@AfterTest tearDown" time="0.0">
    <ignored/>
  </testcase> <!-- @AfterTest tearDown -->
  <testcase classname="testcases.TestBase" name="@BeforeTest setupDriver" time="0.0">
    <ignored/>
  </testcase> <!-- @BeforeTest setupDriver -->
</testsuite> <!-- TC07_UserSelectDiffCatg -->
