<?xml version="1.0" encoding="UTF-8"?>
<!-- Generated by org.testng.reporters.JUnitXMLReporter -->
<testsuite ignored="2" hostname="IslamAminPc" failures="0" tests="2" name="userSelectDifferentTags" time="19.379" errors="0" timestamp="2024-06-10T17:36:36 EEST">
  <testcase classname="testcases.TC02_Login" name="loginWithValidData_P" time="8.236"/>
  <testcase classname="testcases.TC08_SelectDiffTags" name="userSelectDifferentTags" time="6.259"/>
  <testcase classname="testcases.TestBase" name="@AfterTest tearDown" time="0.0">
    <ignored/>
  </testcase> <!-- @AfterTest tearDown -->
  <testcase classname="testcases.TestBase" name="@BeforeTest setupDriver" time="0.0">
    <ignored/>
  </testcase> <!-- @BeforeTest setupDriver -->
</testsuite> <!-- userSelectDifferentTags -->
