<?xml version="1.0" encoding="UTF-8"?>
<!-- Generated by org.testng.reporters.JUnitXMLReporter -->
<testsuite ignored="8" hostname="IslamAminPc" failures="0" tests="5" name="createSuccessfulOrder" time="54.278" errors="0" timestamp="2024-06-12T08:28:39 EEST">
  <testcase classname="testcases.TC02_Login" name="loginWithValidData_P" time="9.034"/>
  <testcase classname="testcases.TC09_AddToCartSenario" name="userAddToCart" time="9.429"/>
  <testcase classname="testcases.TC12_CheckoutIteams" name="checkoutIteams" time="13.114"/>
  <testcase classname="testcases.TC14_EditFillingAdress" name="Edit_BillingAdress" time="16.342"/>
  <testcase classname="testcases.TC15_ConfirmOrder" name="createSuccessfulOrder" time="0.388"/>
  <testcase classname="testcases.TestBase" name="@AfterTest tearDown" time="0.0">
    <ignored/>
  </testcase> <!-- @AfterTest tearDown -->
  <testcase classname="testcases.TestBase" name="@BeforeTest setupDriver" time="0.0">
    <ignored/>
  </testcase> <!-- @BeforeTest setupDriver -->
  <testcase classname="testcases.TestBase" name="@AfterTest tearDown" time="0.0">
    <ignored/>
  </testcase> <!-- @AfterTest tearDown -->
  <testcase classname="testcases.TestBase" name="@BeforeTest setupDriver" time="0.0">
    <ignored/>
  </testcase> <!-- @BeforeTest setupDriver -->
  <testcase classname="testcases.TestBase" name="@AfterTest tearDown" time="0.0">
    <ignored/>
  </testcase> <!-- @AfterTest tearDown -->
  <testcase classname="testcases.TestBase" name="@AfterTest tearDown" time="0.0">
    <ignored/>
  </testcase> <!-- @AfterTest tearDown -->
  <testcase classname="testcases.TestBase" name="@BeforeTest setupDriver" time="0.0">
    <ignored/>
  </testcase> <!-- @BeforeTest setupDriver -->
  <testcase classname="testcases.TestBase" name="@BeforeTest setupDriver" time="0.0">
    <ignored/>
  </testcase> <!-- @BeforeTest setupDriver -->
</testsuite> <!-- createSuccessfulOrder -->
